<?xml version="1.0" encoding="UTF-8"?>
<testng-results ignored="0" total="2" passed="2" failed="0" skipped="0">
  <reporter-output>
  </reporter-output>
  <suite started-at="2023-06-14T22:13:13 AST" name="Default suite" finished-at="2023-06-14T22:13:21 AST" duration-ms="8308">
    <groups>
      <group name="A1">
        <method signature="Registertest.userregistertest()[pri:0, instance:tests.Registertest@350aac89]" name="userregistertest" class="tests.Registertest"/>
      </group> <!-- A1 -->
      <group name="A2">
        <method signature="Logintest.userlogintest()[pri:0, instance:tests.Logintest@548d708a]" name="userlogintest" class="tests.Logintest"/>
      </group> <!-- A2 -->
    </groups>
    <test started-at="2023-06-14T22:13:13 AST" name="Default test" finished-at="2023-06-14T22:13:21 AST" duration-ms="8308">
      <class name="tests.Logintest">
        <test-method is-config="true" signature="openurl(java.lang.String)[pri:0, instance:tests.Logintest@548d708a]" started-at="2023-06-14T22:13:18 AST" name="openurl" finished-at="2023-06-14T22:13:20 AST" duration-ms="2409" status="PASS">
          <params>
            <param index="0">
              <value>
                <![CDATA[chrome]]>
              </value>
            </param>
          </params>
          <reporter-output>
          </reporter-output>
        </test-method> <!-- openurl -->
        <test-method signature="userlogintest()[pri:0, instance:tests.Logintest@548d708a]" started-at="2023-06-14T22:13:20 AST" name="userlogintest" depends-on-groups="A1" finished-at="2023-06-14T22:13:21 AST" duration-ms="1300" status="PASS">
          <reporter-output>
          </reporter-output>
        </test-method> <!-- userlogintest -->
        <test-method is-config="true" signature="usercloseurl()[pri:0, instance:tests.Logintest@548d708a]" started-at="2023-06-14T22:13:21 AST" name="usercloseurl" finished-at="2023-06-14T22:13:21 AST" duration-ms="74" status="PASS">
          <reporter-output>
          </reporter-output>
        </test-method> <!-- usercloseurl -->
        <test-method is-config="true" signature="usertakescreen(org.testng.ITestResult)[pri:0, instance:tests.Logintest@548d708a]" started-at="2023-06-14T22:13:21 AST" name="usertakescreen" finished-at="2023-06-14T22:13:21 AST" duration-ms="0" status="PASS">
          <params>
            <param index="0">
              <value>
                <![CDATA[[TestResult name=userlogintest status=SUCCESS method=Logintest.userlogintest()[pri:0, instance:tests.Logintest@548d708a] output={null}]]]>
              </value>
            </param>
          </params>
          <reporter-output>
          </reporter-output>
        </test-method> <!-- usertakescreen -->
      </class> <!-- tests.Logintest -->
      <class name="tests.Registertest">
        <test-method is-config="true" signature="openurl(java.lang.String)[pri:0, instance:tests.Registertest@350aac89]" started-at="2023-06-14T22:13:13 AST" name="openurl" finished-at="2023-06-14T22:13:16 AST" duration-ms="2901" status="PASS">
          <params>
            <param index="0">
              <value>
                <![CDATA[chrome]]>
              </value>
            </param>
          </params>
          <reporter-output>
          </reporter-output>
        </test-method> <!-- openurl -->
        <test-method signature="userregistertest()[pri:0, instance:tests.Registertest@350aac89]" started-at="2023-06-14T22:13:16 AST" name="userregistertest" finished-at="2023-06-14T22:13:18 AST" duration-ms="1518" status="PASS">
          <reporter-output>
          </reporter-output>
        </test-method> <!-- userregistertest -->
        <test-method is-config="true" signature="usertakescreen(org.testng.ITestResult)[pri:0, instance:tests.Registertest@350aac89]" started-at="2023-06-14T22:13:18 AST" name="usertakescreen" finished-at="2023-06-14T22:13:18 AST" duration-ms="0" status="PASS">
          <params>
            <param index="0">
              <value>
                <![CDATA[[TestResult name=userregistertest status=SUCCESS method=Registertest.userregistertest()[pri:0, instance:tests.Registertest@350aac89] output={null}]]]>
              </value>
            </param>
          </params>
          <reporter-output>
          </reporter-output>
        </test-method> <!-- usertakescreen -->
        <test-method is-config="true" signature="usercloseurl()[pri:0, instance:tests.Registertest@350aac89]" started-at="2023-06-14T22:13:18 AST" name="usercloseurl" finished-at="2023-06-14T22:13:18 AST" duration-ms="75" status="PASS">
          <reporter-output>
          </reporter-output>
        </test-method> <!-- usercloseurl -->
      </class> <!-- tests.Registertest -->
    </test> <!-- Default test -->
  </suite> <!-- Default suite -->
</testng-results>
